{
  "stats": {
    "suites": 1,
    "tests": 1,
    "passes": 0,
    "pending": 1,
    "failures": 0,
    "start": "2025-08-19T17:24:00.300Z",
    "end": "2025-08-19T17:24:00.323Z",
    "duration": 23,
    "testsRegistered": 1,
    "passPercent": null,
    "pendingPercent": 100,
    "other": 0,
    "hasOther": false,
    "skipped": 0,
    "hasSkipped": false
  },
  "results": [
    {
      "uuid": "2c8bcd17-6073-42fd-ad73-6ebd170e2c74",
      "title": "",
      "fullFile": "cypress\\e2e\\tc13071c.spec.cy.js",
      "file": "cypress\\e2e\\tc13071c.spec.cy.js",
      "beforeHooks": [],
      "afterHooks": [],
      "tests": [],
      "suites": [
        {
          "uuid": "4e006ae2-4398-49dc-b102-8dad61d197cc",
          "title": "Login Functionality",
          "fullFile": "",
          "file": "",
          "beforeHooks": [],
          "afterHooks": [],
          "tests": [
            {
              "title": "Login Test using Conduit",
              "fullTitle": "Login Functionality Login Test using Conduit",
              "timedOut": null,
              "duration": 0,
              "state": "pending",
              "speed": null,
              "pass": false,
              "fail": false,
              "pending": true,
              "context": null,
              "code": "cy.visit(\"https://react-redux.realworld.io/\");\ncy.get(\"a[href='#login']\").click();\ncy.get(\"input[placeholder='Email']\").type(\"cypressdemo@gmail.com\", {\n  delay: 0\n});\ncy.get(\"input[placeholder='Password']\").type(\"cypressdemo\", {\n  delay: 0\n});\ncy.get(\"button[type='submit']\").click();\ncy.get(\"button[type='submit']\").should(\"be.disabled\");\ncy.xpath(\"//a[normalize-space()='Home']\").click();",
              "err": {},
              "uuid": "52b38b65-b585-45a5-967a-e8f59d382f08",
              "parentUUID": "4e006ae2-4398-49dc-b102-8dad61d197cc",
              "isHook": false,
              "skipped": false
            }
          ],
          "suites": [],
          "passes": [],
          "failures": [],
          "pending": [
            "52b38b65-b585-45a5-967a-e8f59d382f08"
          ],
          "skipped": [],
          "duration": 0,
          "root": false,
          "rootEmpty": false,
          "_timeout": 2000
        }
      ],
      "passes": [],
      "failures": [],
      "pending": [],
      "skipped": [],
      "duration": 0,
      "root": true,
      "rootEmpty": true,
      "_timeout": 2000
    }
  ],
  "meta": {
    "mocha": {
      "version": "7.2.0"
    },
    "mochawesome": {
      "options": {
        "quiet": true,
        "reportFilename": "mochawesome",
        "saveHtml": false,
        "saveJson": true,
        "consoleReporter": "spec",
        "useInlineDiffs": false,
        "code": true
      },
      "version": "7.1.3"
    },
    "marge": {
      "options": {
        "id": "default",
        "reportDir": "./cypress/reports/mocha",
        "quiet": true,
        "overwrite": false,
        "html": false,
        "json": true
      },
      "version": "6.2.0"
    }
  }
}