{
  "stats": {
    "suites": 1,
    "tests": 2,
    "passes": 2,
    "pending": 0,
    "failures": 0,
    "start": "2025-09-16T00:06:41.845Z",
    "end": "2025-09-16T00:06:42.369Z",
    "duration": 524,
    "testsRegistered": 2,
    "passPercent": 100,
    "pendingPercent": 0,
    "other": 0,
    "hasOther": false,
    "skipped": 0,
    "hasSkipped": false
  },
  "results": [
    {
      "uuid": "d7ccc93d-81d5-455b-ab5c-b9817bfabfbd",
      "title": "",
      "fullFile": "cypress\\e2e\\tc16080DELETETesting.cy.js",
      "file": "cypress\\e2e\\tc16080DELETETesting.cy.js",
      "beforeHooks": [],
      "afterHooks": [],
      "tests": [],
      "suites": [
        {
          "uuid": "6b1f6893-a7c8-4617-8454-dedfa61023a2",
          "title": "API DELETE testing",
          "fullFile": "",
          "file": "",
          "beforeHooks": [],
          "afterHooks": [],
          "tests": [
            {
              "title": "DELETE request",
              "fullTitle": "API DELETE testing DELETE request",
              "timedOut": null,
              "duration": 233,
              "state": "passed",
              "speed": "fast",
              "pass": true,
              "fail": false,
              "pending": false,
              "context": null,
              "code": "cy.request({\n  method: \"DELETE\",\n  url: \"https://reqres.in/api/users/2\",\n  headers: {\n    \"x-api-key\": \"reqres-free-v1\"\n  }\n}).then(response => {\n  expect(response.status).equal(204);\n});",
              "err": {},
              "uuid": "ec514fee-1137-4448-9cf1-7e3c754cc710",
              "parentUUID": "6b1f6893-a7c8-4617-8454-dedfa61023a2",
              "isHook": false,
              "skipped": false
            },
            {
              "title": "DELETE API in ReqRes Testing",
              "fullTitle": "API DELETE testing DELETE API in ReqRes Testing",
              "timedOut": null,
              "duration": 227,
              "state": "passed",
              "speed": "fast",
              "pass": true,
              "fail": false,
              "pending": false,
              "context": null,
              "code": "cy.request({\n  method: \"DELETE\",\n  url: \"https://reqres.in/api/users/2\",\n  headers: {\n    \"x-api-key\": \"reqres-free-v1\"\n  }\n}).then(response => {\n  expect(response.status).equal(204);\n});",
              "err": {},
              "uuid": "ca869d7b-b8d0-4698-9be4-24a5cb9eb76c",
              "parentUUID": "6b1f6893-a7c8-4617-8454-dedfa61023a2",
              "isHook": false,
              "skipped": false
            }
          ],
          "suites": [],
          "passes": [
            "ec514fee-1137-4448-9cf1-7e3c754cc710",
            "ca869d7b-b8d0-4698-9be4-24a5cb9eb76c"
          ],
          "failures": [],
          "pending": [],
          "skipped": [],
          "duration": 460,
          "root": false,
          "rootEmpty": false,
          "_timeout": 2000
        }
      ],
      "passes": [],
      "failures": [],
      "pending": [],
      "skipped": [],
      "duration": 0,
      "root": true,
      "rootEmpty": true,
      "_timeout": 2000
    }
  ],
  "meta": {
    "mocha": {
      "version": "7.2.0"
    },
    "mochawesome": {
      "options": {
        "quiet": true,
        "reportFilename": "mochawesome",
        "saveHtml": false,
        "saveJson": true,
        "consoleReporter": "spec",
        "useInlineDiffs": false,
        "code": true
      },
      "version": "7.1.3"
    },
    "marge": {
      "options": {
        "id": "default",
        "reportDir": "./cypress/reports/mocha",
        "quiet": true,
        "overwrite": false,
        "html": false,
        "json": true
      },
      "version": "6.2.0"
    }
  }
}