{
  "stats": {
    "suites": 1,
    "tests": 2,
    "passes": 2,
    "pending": 0,
    "failures": 0,
    "start": "2025-09-16T13:23:28.264Z",
    "end": "2025-09-16T13:23:28.801Z",
    "duration": 537,
    "testsRegistered": 2,
    "passPercent": 100,
    "pendingPercent": 0,
    "other": 0,
    "hasOther": false,
    "skipped": 0,
    "hasSkipped": false
  },
  "results": [
    {
      "uuid": "221bd605-9d0b-4cb9-a2c8-b66073c535e5",
      "title": "",
      "fullFile": "cypress\\e2e\\tc16078POSTTesting.cy.js",
      "file": "cypress\\e2e\\tc16078POSTTesting.cy.js",
      "beforeHooks": [],
      "afterHooks": [],
      "tests": [],
      "suites": [
        {
          "uuid": "cc4110cc-4a7e-43df-a4ed-f7fb2c33398e",
          "title": "API POST testing",
          "fullFile": "",
          "file": "",
          "beforeHooks": [],
          "afterHooks": [],
          "tests": [
            {
              "title": "POST request",
              "fullTitle": "API POST testing POST request",
              "timedOut": null,
              "duration": 309,
              "state": "passed",
              "speed": "fast",
              "pass": true,
              "fail": false,
              "pending": false,
              "context": null,
              "code": "cy.request({\n  method: \"POST\",\n  url: \"https://reqres.in/api/users\",\n  headers: {\n    \"x-api-key\": \"reqres-free-v1\"\n  },\n  body: {\n    name: \"morpheus\",\n    job: \"leader\"\n  }\n}).then(response => {\n  var _response$body, _response$body2;\n  expect(response.status).equal(201);\n  expect((_response$body = response.body) === null || _response$body === void 0 ? void 0 : _response$body.name).equal(\"morpheus\");\n  expect((_response$body2 = response.body) === null || _response$body2 === void 0 ? void 0 : _response$body2.job).equal(\"leader\");\n  expect(response.body).to.have.property(\"id\");\n  expect(response.body).to.have.property(\"createdAt\");\n});",
              "err": {},
              "uuid": "db561a6c-bb91-4c3d-a4ba-4bb80303d98a",
              "parentUUID": "cc4110cc-4a7e-43df-a4ed-f7fb2c33398e",
              "isHook": false,
              "skipped": false
            },
            {
              "title": "POST API in ReqRes Testing",
              "fullTitle": "API POST testing POST API in ReqRes Testing",
              "timedOut": null,
              "duration": 196,
              "state": "passed",
              "speed": "fast",
              "pass": true,
              "fail": false,
              "pending": false,
              "context": null,
              "code": "const user = {\n  name: \"JPiza\",\n  job: \"Tester\"\n};\ncy.request({\n  method: \"POST\",\n  url: \"https://reqres.in/api/users\",\n  headers: {\n    \"x-api-key\": \"reqres-free-v1\"\n  },\n  body: user\n}).then(response => {\n  var _response$body3, _response$body4;\n  expect(response.status).equal(201);\n  expect((_response$body3 = response.body) === null || _response$body3 === void 0 ? void 0 : _response$body3.name).equal(user.name);\n  expect((_response$body4 = response.body) === null || _response$body4 === void 0 ? void 0 : _response$body4.job).equal(user.job);\n});",
              "err": {},
              "uuid": "b2c55fc0-2be9-406e-9728-759a9387f48c",
              "parentUUID": "cc4110cc-4a7e-43df-a4ed-f7fb2c33398e",
              "isHook": false,
              "skipped": false
            }
          ],
          "suites": [],
          "passes": [
            "db561a6c-bb91-4c3d-a4ba-4bb80303d98a",
            "b2c55fc0-2be9-406e-9728-759a9387f48c"
          ],
          "failures": [],
          "pending": [],
          "skipped": [],
          "duration": 505,
          "root": false,
          "rootEmpty": false,
          "_timeout": 2000
        }
      ],
      "passes": [],
      "failures": [],
      "pending": [],
      "skipped": [],
      "duration": 0,
      "root": true,
      "rootEmpty": true,
      "_timeout": 2000
    }
  ],
  "meta": {
    "mocha": {
      "version": "7.2.0"
    },
    "mochawesome": {
      "options": {
        "quiet": true,
        "reportFilename": "mochawesome",
        "saveHtml": false,
        "saveJson": true,
        "consoleReporter": "spec",
        "useInlineDiffs": false,
        "code": true
      },
      "version": "7.1.3"
    },
    "marge": {
      "options": {
        "id": "default",
        "reportDir": "./cypress/reports/mocha",
        "quiet": true,
        "overwrite": false,
        "html": false,
        "json": true
      },
      "version": "6.2.0"
    }
  }
}