{
  "stats": {
    "suites": 1,
    "tests": 2,
    "passes": 2,
    "pending": 0,
    "failures": 0,
    "start": "2025-08-28T15:33:40.174Z",
    "end": "2025-08-28T15:33:40.891Z",
    "duration": 717,
    "testsRegistered": 2,
    "passPercent": 100,
    "pendingPercent": 0,
    "other": 0,
    "hasOther": false,
    "skipped": 0,
    "hasSkipped": false
  },
  "results": [
    {
      "uuid": "9071502a-b13a-43e9-a799-5198b0625966",
      "title": "",
      "fullFile": "cypress\\e2e\\tc16077GETTesting.cy.js",
      "file": "cypress\\e2e\\tc16077GETTesting.cy.js",
      "beforeHooks": [],
      "afterHooks": [],
      "tests": [],
      "suites": [
        {
          "uuid": "58d4b840-7095-443c-a030-75ce33f4fe02",
          "title": "API GET testing",
          "fullFile": "",
          "file": "",
          "beforeHooks": [],
          "afterHooks": [],
          "tests": [
            {
              "title": "GET request",
              "fullTitle": "API GET testing GET request",
              "timedOut": null,
              "duration": 368,
              "state": "passed",
              "speed": "fast",
              "pass": true,
              "fail": false,
              "pending": false,
              "context": null,
              "code": "cy.request(\"https://jsonplaceholder.typicode.com/posts/1\").then(response => {\n  expect(response.status).to.eq(200);\n  expect(response.body).to.have.property(\"id\", 1);\n  expect(response.body).to.have.property(\"userId\", 1);\n  expect(response.body).to.have.property(\"title\");\n  expect(response.body).to.have.property(\"body\");\n});",
              "err": {},
              "uuid": "b192e397-9104-439b-a445-1cbc6fe02391",
              "parentUUID": "58d4b840-7095-443c-a030-75ce33f4fe02",
              "isHook": false,
              "skipped": false
            },
            {
              "title": "GET API in ReqRes Testing",
              "fullTitle": "API GET testing GET API in ReqRes Testing",
              "timedOut": null,
              "duration": 325,
              "state": "passed",
              "speed": "fast",
              "pass": true,
              "fail": false,
              "pending": false,
              "context": null,
              "code": "cy.request({\n  method: \"GET\",\n  url: \"https://reqres.in/api/users?page=2\",\n  headers: {\n    \"x-api-key\": \"reqres-free-v1\"\n  }\n}).then(response => {\n  var _response$body$data$, _response$body;\n  expect(response.status).equal(200);\n  expect((_response$body$data$ = response.body.data[1]) === null || _response$body$data$ === void 0 ? void 0 : _response$body$data$.first_name).equal(\"Lindsay\");\n  expect((_response$body = response.body) === null || _response$body === void 0 ? void 0 : _response$body.support.text).contains(\"Tired of writing endless\");\n});",
              "err": {},
              "uuid": "bced2224-ac1d-458b-b97f-2a876818cc08",
              "parentUUID": "58d4b840-7095-443c-a030-75ce33f4fe02",
              "isHook": false,
              "skipped": false
            }
          ],
          "suites": [],
          "passes": [
            "b192e397-9104-439b-a445-1cbc6fe02391",
            "bced2224-ac1d-458b-b97f-2a876818cc08"
          ],
          "failures": [],
          "pending": [],
          "skipped": [],
          "duration": 693,
          "root": false,
          "rootEmpty": false,
          "_timeout": 2000
        }
      ],
      "passes": [],
      "failures": [],
      "pending": [],
      "skipped": [],
      "duration": 0,
      "root": true,
      "rootEmpty": true,
      "_timeout": 2000
    }
  ],
  "meta": {
    "mocha": {
      "version": "7.2.0"
    },
    "mochawesome": {
      "options": {
        "quiet": true,
        "reportFilename": "mochawesome",
        "saveHtml": false,
        "saveJson": true,
        "consoleReporter": "spec",
        "useInlineDiffs": false,
        "code": true
      },
      "version": "7.1.3"
    },
    "marge": {
      "options": {
        "id": "default",
        "reportDir": "./cypress/reports/mocha",
        "quiet": true,
        "overwrite": false,
        "html": false,
        "json": true
      },
      "version": "6.2.0"
    }
  }
}