{
  "stats": {
    "suites": 1,
    "tests": 2,
    "passes": 2,
    "pending": 0,
    "failures": 0,
    "start": "2025-08-28T15:33:43.166Z",
    "end": "2025-08-28T15:33:43.596Z",
    "duration": 430,
    "testsRegistered": 2,
    "passPercent": 100,
    "pendingPercent": 0,
    "other": 0,
    "hasOther": false,
    "skipped": 0,
    "hasSkipped": false
  },
  "results": [
    {
      "uuid": "b3676f5e-d5fe-49bc-a34f-42a1db90d776",
      "title": "",
      "fullFile": "cypress\\e2e\\tc16078POSTTesting.cy.js",
      "file": "cypress\\e2e\\tc16078POSTTesting.cy.js",
      "beforeHooks": [],
      "afterHooks": [],
      "tests": [],
      "suites": [
        {
          "uuid": "3c85ae12-685b-4d5c-a023-f21f4323c59e",
          "title": "API POST testing",
          "fullFile": "",
          "file": "",
          "beforeHooks": [],
          "afterHooks": [],
          "tests": [
            {
              "title": "POST request",
              "fullTitle": "API POST testing POST request",
              "timedOut": null,
              "duration": 234,
              "state": "passed",
              "speed": "fast",
              "pass": true,
              "fail": false,
              "pending": false,
              "context": null,
              "code": "cy.request({\n  method: \"POST\",\n  url: \"https://reqres.in/api/users\",\n  headers: {\n    \"x-api-key\": \"reqres-free-v1\"\n  },\n  body: {\n    name: \"morpheus\",\n    job: \"leader\"\n  }\n}).then(response => {\n  var _response$body, _response$body2;\n  expect(response.status).equal(201);\n  expect((_response$body = response.body) === null || _response$body === void 0 ? void 0 : _response$body.name).equal(\"morpheus\");\n  expect((_response$body2 = response.body) === null || _response$body2 === void 0 ? void 0 : _response$body2.job).equal(\"leader\");\n  expect(response.body).to.have.property(\"id\");\n  expect(response.body).to.have.property(\"createdAt\");\n});",
              "err": {},
              "uuid": "b95269ae-e96f-4f2a-9035-251980f1b6a6",
              "parentUUID": "3c85ae12-685b-4d5c-a023-f21f4323c59e",
              "isHook": false,
              "skipped": false
            },
            {
              "title": "POST API in ReqRes Testing",
              "fullTitle": "API POST testing POST API in ReqRes Testing",
              "timedOut": null,
              "duration": 171,
              "state": "passed",
              "speed": "fast",
              "pass": true,
              "fail": false,
              "pending": false,
              "context": null,
              "code": "const user = {\n  name: \"JPiza\",\n  job: \"Tester\"\n};\ncy.request({\n  method: \"POST\",\n  url: \"https://reqres.in/api/users\",\n  headers: {\n    \"x-api-key\": \"reqres-free-v1\"\n  },\n  body: user\n}).then(response => {\n  var _response$body3, _response$body4;\n  expect(response.status).equal(201);\n  expect((_response$body3 = response.body) === null || _response$body3 === void 0 ? void 0 : _response$body3.name).equal(user.name);\n  expect((_response$body4 = response.body) === null || _response$body4 === void 0 ? void 0 : _response$body4.job).equal(user.job);\n});",
              "err": {},
              "uuid": "539029fb-dba4-4604-9c84-51e46bbf90d0",
              "parentUUID": "3c85ae12-685b-4d5c-a023-f21f4323c59e",
              "isHook": false,
              "skipped": false
            }
          ],
          "suites": [],
          "passes": [
            "b95269ae-e96f-4f2a-9035-251980f1b6a6",
            "539029fb-dba4-4604-9c84-51e46bbf90d0"
          ],
          "failures": [],
          "pending": [],
          "skipped": [],
          "duration": 405,
          "root": false,
          "rootEmpty": false,
          "_timeout": 2000
        }
      ],
      "passes": [],
      "failures": [],
      "pending": [],
      "skipped": [],
      "duration": 0,
      "root": true,
      "rootEmpty": true,
      "_timeout": 2000
    }
  ],
  "meta": {
    "mocha": {
      "version": "7.2.0"
    },
    "mochawesome": {
      "options": {
        "quiet": true,
        "reportFilename": "mochawesome",
        "saveHtml": false,
        "saveJson": true,
        "consoleReporter": "spec",
        "useInlineDiffs": false,
        "code": true
      },
      "version": "7.1.3"
    },
    "marge": {
      "options": {
        "id": "default",
        "reportDir": "./cypress/reports/mocha",
        "quiet": true,
        "overwrite": false,
        "html": false,
        "json": true
      },
      "version": "6.2.0"
    }
  }
}