{
  "stats": {
    "suites": 1,
    "tests": 1,
    "passes": 0,
    "pending": 0,
    "failures": 1,
    "start": "2025-09-16T13:23:11.249Z",
    "end": "2025-09-16T13:23:15.826Z",
    "duration": 4577,
    "testsRegistered": 1,
    "passPercent": 0,
    "pendingPercent": 0,
    "other": 0,
    "hasOther": false,
    "skipped": 0,
    "hasSkipped": false
  },
  "results": [
    {
      "uuid": "4c7e7aef-c879-44bf-8e4d-4ed6f28b1d4c",
      "title": "",
      "fullFile": "cypress\\e2e\\tc13071b.spec.cy.js",
      "file": "cypress\\e2e\\tc13071b.spec.cy.js",
      "beforeHooks": [],
      "afterHooks": [],
      "tests": [],
      "suites": [
        {
          "uuid": "3f51aed7-5635-4081-9010-0b43fb7f4b83",
          "title": "Login Functionality",
          "fullFile": "",
          "file": "",
          "beforeHooks": [],
          "afterHooks": [],
          "tests": [
            {
              "title": "Login Test using Conduit",
              "fullTitle": "Login Functionality Login Test using Conduit",
              "timedOut": null,
              "duration": 2093,
              "state": "failed",
              "speed": null,
              "pass": false,
              "fail": true,
              "pending": false,
              "context": "\"assets/tc13071b.spec.cy.js/Login Functionality -- Login Test using Conduit (failed).png\"",
              "code": "cy.visit(\"https://react-redux.realworld.io/\");\ncy.get(\"a[href='#logins']\").click();\ncy.get(\"input[placeholder='Email']\").type(\"cypressdemo@gmail.com\", {\n  delay: 0\n});\ncy.get(\"input[placeholder='Password']\").type(\"cypressdemo\", {\n  delay: 0\n});\ncy.get(\"button[type='submit']\").click();\ncy.get(\"button[type='submit']\").should(\"be.disabled\");\ncy.xpath(\"//a[normalize-space()='Home']\").click();",
              "err": {
                "message": "TypeError: The following error originated from your application code, not from Cypress. It was caused by an unhandled promise rejection.\n\n  > Cannot read properties of undefined (reading 'body')\n\nWhen Cypress detects uncaught errors originating from your application it will automatically fail the current test.\n\nThis behavior is configurable, and you can choose to turn this off by listening to the `uncaught:exception` event.\n\nhttps://on.cypress.io/uncaught-exception-from-application",
                "estack": "TypeError: The following error originated from your application code, not from Cypress. It was caused by an unhandled promise rejection.\n\n  > Cannot read properties of undefined (reading 'body')\n\nWhen Cypress detects uncaught errors originating from your application it will automatically fail the current test.\n\nThis behavior is configurable, and you can choose to turn this off by listening to the `uncaught:exception` event.\n\nhttps://on.cypress.io/uncaught-exception-from-application\n    at <unknown> (https://react-redux.realworld.io/main.js:28244:44)",
                "diff": null
              },
              "uuid": "8b1a44ba-2b4b-4860-a042-e9efca85ec9d",
              "parentUUID": "3f51aed7-5635-4081-9010-0b43fb7f4b83",
              "isHook": false,
              "skipped": false
            }
          ],
          "suites": [],
          "passes": [],
          "failures": [
            "8b1a44ba-2b4b-4860-a042-e9efca85ec9d"
          ],
          "pending": [],
          "skipped": [],
          "duration": 2093,
          "root": false,
          "rootEmpty": false,
          "_timeout": 2000
        }
      ],
      "passes": [],
      "failures": [],
      "pending": [],
      "skipped": [],
      "duration": 0,
      "root": true,
      "rootEmpty": true,
      "_timeout": 2000
    }
  ],
  "meta": {
    "mocha": {
      "version": "7.2.0"
    },
    "mochawesome": {
      "options": {
        "quiet": true,
        "reportFilename": "mochawesome",
        "saveHtml": false,
        "saveJson": true,
        "consoleReporter": "spec",
        "useInlineDiffs": false,
        "code": true
      },
      "version": "7.1.3"
    },
    "marge": {
      "options": {
        "id": "default",
        "reportDir": "./cypress/reports/mocha",
        "quiet": true,
        "overwrite": false,
        "html": false,
        "json": true
      },
      "version": "6.2.0"
    }
  }
}