{
  "stats": {
    "suites": 1,
    "tests": 1,
    "passes": 0,
    "pending": 0,
    "failures": 1,
    "start": "2025-09-16T00:06:45.664Z",
    "end": "2025-09-16T00:06:53.839Z",
    "duration": 8175,
    "testsRegistered": 1,
    "passPercent": 0,
    "pendingPercent": 0,
    "other": 0,
    "hasOther": false,
    "skipped": 0,
    "hasSkipped": false
  },
  "results": [
    {
      "uuid": "73aa8851-765a-4003-accf-01f7d7712e83",
      "title": "",
      "fullFile": "cypress\\e2e\\tc17083MockOrangeHRM.spec.cy.js",
      "file": "cypress\\e2e\\tc17083MockOrangeHRM.spec.cy.js",
      "beforeHooks": [],
      "afterHooks": [],
      "tests": [],
      "suites": [
        {
          "uuid": "87c9734b-ec7a-4739-9db8-5667040d40fe",
          "title": "Mock OrangeHRM Testing",
          "fullFile": "",
          "file": "",
          "beforeHooks": [],
          "afterHooks": [],
          "tests": [
            {
              "title": "locations Mock",
              "fullTitle": "Mock OrangeHRM Testing locations Mock",
              "timedOut": null,
              "duration": 5481,
              "state": "failed",
              "speed": null,
              "pass": false,
              "fail": true,
              "pending": false,
              "context": "\"assets/tc17083MockOrangeHRM.spec.cy.js/Mock OrangeHRM Testing -- locations Mock (failed).png\"",
              "code": "// const url = \"api/v2/dashboard/employees/locations\";\nconst url = \"https://opensource-demo.orangehrmlive.com/web/index.php/api/v2/dashboard/employees/locations\";\ncy.log(url);\n// Intercept instead a request, for a _Mock_ values\ncy.intercept({\n  method: \"GET\",\n  url: url\n}, {\n  fixture: \"mock-locations.json\"\n});\ncy.wait(2500);\ncy.contains(\"Employee Distribution by Location\").should(\"be.visible\");\n// El siguiente proceso lo debo hacer porque existen muchos elementos con la misma clase \ncy.get(\".orangehrm-dashboard-widget-body\").then($elements => {\n  // $elements is a jQuery object containing all elements with the class 'my-class'\n  // You can treat it like an array and iterate over it or access elements by index.\n  // Example: Log the text of each element\n  $elements.each((index, element) => {\n    cy.log(`Element ${index + 1}: ${Cypress.$(element).text()}`);\n  });\n  // Example: Assert the number of elements\n  expect($elements).to.have.length(6);\n  // Necesito el quinto elemento que es el de `locations`\n  cy.wrap($elements.eq(5)).should(\"contain\", \"Texas R&D\").and(\"contain\", \"New York Sales Office\").and(\"contain\", \"Medellin\");\n});",
              "err": {
                "message": "AssertionError: Too many elements found. Found '7', expected '6'.",
                "estack": "AssertionError: Too many elements found. Found '7', expected '6'.\n    at Context.eval (webpack://cypress-14-docker-cucumber-jenkins-june25/./cypress/e2e/tc17083MockOrangeHRM.spec.cy.js:47:32)\n    at getRet (https://opensource-demo.orangehrmlive.com/__cypress/runner/cypress_runner.js:120768:20)\n    at tryCatcher (https://opensource-demo.orangehrmlive.com/__cypress/runner/cypress_runner.js:1777:23)\n    at Promise.attempt.Promise.try (https://opensource-demo.orangehrmlive.com/__cypress/runner/cypress_runner.js:4285:29)\n    at Context.thenFn (https://opensource-demo.orangehrmlive.com/__cypress/runner/cypress_runner.js:120779:66)",
                "diff": "- 7\n+ 6\n"
              },
              "uuid": "60b69d07-f70a-4fa3-bf21-9afc1a053e52",
              "parentUUID": "87c9734b-ec7a-4739-9db8-5667040d40fe",
              "isHook": false,
              "skipped": false
            }
          ],
          "suites": [],
          "passes": [],
          "failures": [
            "60b69d07-f70a-4fa3-bf21-9afc1a053e52"
          ],
          "pending": [],
          "skipped": [],
          "duration": 5481,
          "root": false,
          "rootEmpty": false,
          "_timeout": 2000
        }
      ],
      "passes": [],
      "failures": [],
      "pending": [],
      "skipped": [],
      "duration": 0,
      "root": true,
      "rootEmpty": true,
      "_timeout": 2000
    }
  ],
  "meta": {
    "mocha": {
      "version": "7.2.0"
    },
    "mochawesome": {
      "options": {
        "quiet": true,
        "reportFilename": "mochawesome",
        "saveHtml": false,
        "saveJson": true,
        "consoleReporter": "spec",
        "useInlineDiffs": false,
        "code": true
      },
      "version": "7.1.3"
    },
    "marge": {
      "options": {
        "id": "default",
        "reportDir": "./cypress/reports/mocha",
        "quiet": true,
        "overwrite": false,
        "html": false,
        "json": true
      },
      "version": "6.2.0"
    }
  }
}