{
  "stats": {
    "suites": 1,
    "tests": 1,
    "passes": 1,
    "pending": 0,
    "failures": 0,
    "start": "2025-08-19T17:23:41.597Z",
    "end": "2025-08-19T17:23:46.310Z",
    "duration": 4713,
    "testsRegistered": 1,
    "passPercent": 100,
    "pendingPercent": 0,
    "other": 0,
    "hasOther": false,
    "skipped": 0,
    "hasSkipped": false
  },
  "results": [
    {
      "uuid": "ba6dea38-e09b-49f0-ae9b-d6aad0b75413",
      "title": "",
      "fullFile": "cypress\\e2e\\tc13071a.spec.cy.js",
      "file": "cypress\\e2e\\tc13071a.spec.cy.js",
      "beforeHooks": [],
      "afterHooks": [],
      "tests": [],
      "suites": [
        {
          "uuid": "ebfa1ac5-c89b-46a8-aa5a-2e86cfed373b",
          "title": "Login Functionality",
          "fullFile": "",
          "file": "",
          "beforeHooks": [],
          "afterHooks": [],
          "tests": [
            {
              "title": "Login Test using Conduit",
              "fullTitle": "Login Functionality Login Test using Conduit",
              "timedOut": null,
              "duration": 2574,
              "state": "passed",
              "speed": "fast",
              "pass": true,
              "fail": false,
              "pending": false,
              "context": null,
              "code": "cy.visit(\"https://react-redux.realworld.io/\");\ncy.get(\"a[href='#login']\").click();\ncy.get(\"input[placeholder='Email']\").type(\"cypressdemo@gmail.com\", {\n  delay: 0\n});\ncy.get(\"input[placeholder='Password']\").type(\"cypressdemo\", {\n  delay: 0\n});\ncy.get(\"button[type='submit']\").click();\ncy.get(\"button[type='submit']\").should(\"be.disabled\");\ncy.xpath(\"//a[normalize-space()='Home']\").click();",
              "err": {},
              "uuid": "ee509af7-8d9c-4aa0-b3d8-d2a441c3cdd3",
              "parentUUID": "ebfa1ac5-c89b-46a8-aa5a-2e86cfed373b",
              "isHook": false,
              "skipped": false
            }
          ],
          "suites": [],
          "passes": [
            "ee509af7-8d9c-4aa0-b3d8-d2a441c3cdd3"
          ],
          "failures": [],
          "pending": [],
          "skipped": [],
          "duration": 2574,
          "root": false,
          "rootEmpty": false,
          "_timeout": 2000
        }
      ],
      "passes": [],
      "failures": [],
      "pending": [],
      "skipped": [],
      "duration": 0,
      "root": true,
      "rootEmpty": true,
      "_timeout": 2000
    }
  ],
  "meta": {
    "mocha": {
      "version": "7.2.0"
    },
    "mochawesome": {
      "options": {
        "quiet": true,
        "reportFilename": "mochawesome",
        "saveHtml": false,
        "saveJson": true,
        "consoleReporter": "spec",
        "useInlineDiffs": false,
        "code": true
      },
      "version": "7.1.3"
    },
    "marge": {
      "options": {
        "id": "default",
        "reportDir": "./cypress/reports/mocha",
        "quiet": true,
        "overwrite": false,
        "html": false,
        "json": true
      },
      "version": "6.2.0"
    }
  }
}