{
  "stats": {
    "suites": 8,
    "tests": 12,
    "passes": 9,
    "pending": 1,
    "failures": 2,
    "testsRegistered": 12,
    "passPercent": 75,
    "pendingPercent": 8.333333333333334,
    "other": 0,
    "hasOther": false,
    "skipped": 0,
    "hasSkipped": false,
    "start": "2025-09-16T00:06:03.315Z",
    "end": "2025-09-16T00:06:53.839Z",
    "duration": 50524
  },
  "results": [
    {
      "uuid": "29358691-110e-4e8c-9a02-fb490b7cd3c1",
      "title": "",
      "fullFile": "cypress\\e2e\\tc13071b.spec.cy.js",
      "file": "cypress\\e2e\\tc13071b.spec.cy.js",
      "beforeHooks": [],
      "afterHooks": [],
      "tests": [],
      "suites": [
        {
          "uuid": "6383adda-cc99-4256-94e6-2cedfe5195cc",
          "title": "Login Functionality",
          "fullFile": "",
          "file": "",
          "beforeHooks": [],
          "afterHooks": [],
          "tests": [
            {
              "title": "Login Test using Conduit",
              "fullTitle": "Login Functionality Login Test using Conduit",
              "timedOut": null,
              "duration": 1260,
              "state": "failed",
              "speed": null,
              "pass": false,
              "fail": true,
              "pending": false,
              "context": "\"assets/tc13071b.spec.cy.js/Login Functionality -- Login Test using Conduit (failed).png\"",
              "code": "cy.visit(\"https://react-redux.realworld.io/\");\ncy.get(\"a[href='#logins']\").click();\ncy.get(\"input[placeholder='Email']\").type(\"cypressdemo@gmail.com\", {\n  delay: 0\n});\ncy.get(\"input[placeholder='Password']\").type(\"cypressdemo\", {\n  delay: 0\n});\ncy.get(\"button[type='submit']\").click();\ncy.get(\"button[type='submit']\").should(\"be.disabled\");\ncy.xpath(\"//a[normalize-space()='Home']\").click();",
              "err": {
                "message": "TypeError: The following error originated from your application code, not from Cypress. It was caused by an unhandled promise rejection.\n\n  > Cannot read properties of undefined (reading 'body')\n\nWhen Cypress detects uncaught errors originating from your application it will automatically fail the current test.\n\nThis behavior is configurable, and you can choose to turn this off by listening to the `uncaught:exception` event.\n\nhttps://on.cypress.io/uncaught-exception-from-application",
                "estack": "TypeError: The following error originated from your application code, not from Cypress. It was caused by an unhandled promise rejection.\n\n  > Cannot read properties of undefined (reading 'body')\n\nWhen Cypress detects uncaught errors originating from your application it will automatically fail the current test.\n\nThis behavior is configurable, and you can choose to turn this off by listening to the `uncaught:exception` event.\n\nhttps://on.cypress.io/uncaught-exception-from-application\n    at <unknown> (https://react-redux.realworld.io/main.js:28244:44)",
                "diff": null
              },
              "uuid": "50bcc0bf-f424-4be1-9756-047c22788a7e",
              "parentUUID": "6383adda-cc99-4256-94e6-2cedfe5195cc",
              "isHook": false,
              "skipped": false
            }
          ],
          "suites": [],
          "passes": [],
          "failures": [
            "50bcc0bf-f424-4be1-9756-047c22788a7e"
          ],
          "pending": [],
          "skipped": [],
          "duration": 1260,
          "root": false,
          "rootEmpty": false,
          "_timeout": 2000
        }
      ],
      "passes": [],
      "failures": [],
      "pending": [],
      "skipped": [],
      "duration": 0,
      "root": true,
      "rootEmpty": true,
      "_timeout": 2000
    },
    {
      "uuid": "46a0cbf4-da89-4d7e-bd18-19eb24581000",
      "title": "",
      "fullFile": "cypress\\e2e\\tc13071c.spec.cy.js",
      "file": "cypress\\e2e\\tc13071c.spec.cy.js",
      "beforeHooks": [],
      "afterHooks": [],
      "tests": [],
      "suites": [
        {
          "uuid": "e73427b7-e88d-4cc1-93a0-21626a8bf7fb",
          "title": "Login Functionality",
          "fullFile": "",
          "file": "",
          "beforeHooks": [],
          "afterHooks": [],
          "tests": [
            {
              "title": "Login Test using Conduit",
              "fullTitle": "Login Functionality Login Test using Conduit",
              "timedOut": null,
              "duration": 0,
              "state": "pending",
              "speed": null,
              "pass": false,
              "fail": false,
              "pending": true,
              "context": null,
              "code": "cy.visit(\"https://react-redux.realworld.io/\");\ncy.get(\"a[href='#login']\").click();\ncy.get(\"input[placeholder='Email']\").type(\"cypressdemo@gmail.com\", {\n  delay: 0\n});\ncy.get(\"input[placeholder='Password']\").type(\"cypressdemo\", {\n  delay: 0\n});\ncy.get(\"button[type='submit']\").click();\ncy.get(\"button[type='submit']\").should(\"be.disabled\");\ncy.xpath(\"//a[normalize-space()='Home']\").click();",
              "err": {},
              "uuid": "00a15954-5921-41df-b9c0-e0bf7f844f08",
              "parentUUID": "e73427b7-e88d-4cc1-93a0-21626a8bf7fb",
              "isHook": false,
              "skipped": false
            }
          ],
          "suites": [],
          "passes": [],
          "failures": [],
          "pending": [
            "00a15954-5921-41df-b9c0-e0bf7f844f08"
          ],
          "skipped": [],
          "duration": 0,
          "root": false,
          "rootEmpty": false,
          "_timeout": 2000
        }
      ],
      "passes": [],
      "failures": [],
      "pending": [],
      "skipped": [],
      "duration": 0,
      "root": true,
      "rootEmpty": true,
      "_timeout": 2000
    },
    {
      "uuid": "906b22e1-1495-4d8d-9bb4-c8ced4151962",
      "title": "",
      "fullFile": "cypress\\e2e\\tc16077GETTesting.cy.js",
      "file": "cypress\\e2e\\tc16077GETTesting.cy.js",
      "beforeHooks": [],
      "afterHooks": [],
      "tests": [],
      "suites": [
        {
          "uuid": "003b0043-aaeb-4e9b-8240-17f8c9009e46",
          "title": "API GET testing",
          "fullFile": "",
          "file": "",
          "beforeHooks": [],
          "afterHooks": [],
          "tests": [
            {
              "title": "GET request",
              "fullTitle": "API GET testing GET request",
              "timedOut": null,
              "duration": 368,
              "state": "passed",
              "speed": "fast",
              "pass": true,
              "fail": false,
              "pending": false,
              "context": null,
              "code": "cy.request(\"https://jsonplaceholder.typicode.com/posts/1\").then(response => {\n  expect(response.status).to.eq(200);\n  expect(response.body).to.have.property(\"id\", 1);\n  expect(response.body).to.have.property(\"userId\", 1);\n  expect(response.body).to.have.property(\"title\");\n  expect(response.body).to.have.property(\"body\");\n});",
              "err": {},
              "uuid": "161da81c-b52f-4059-87d1-d682ad02f8a4",
              "parentUUID": "003b0043-aaeb-4e9b-8240-17f8c9009e46",
              "isHook": false,
              "skipped": false
            },
            {
              "title": "GET API in ReqRes Testing",
              "fullTitle": "API GET testing GET API in ReqRes Testing",
              "timedOut": null,
              "duration": 412,
              "state": "passed",
              "speed": "fast",
              "pass": true,
              "fail": false,
              "pending": false,
              "context": null,
              "code": "cy.request({\n  method: \"GET\",\n  url: \"https://reqres.in/api/users?page=2\",\n  headers: {\n    \"x-api-key\": \"reqres-free-v1\"\n  }\n}).then(response => {\n  var _response$body$data$, _response$body;\n  expect(response.status).equal(200);\n  expect((_response$body$data$ = response.body.data[1]) === null || _response$body$data$ === void 0 ? void 0 : _response$body$data$.first_name).equal(\"Lindsay\");\n  expect((_response$body = response.body) === null || _response$body === void 0 ? void 0 : _response$body.support.text).contains(\"Tired of writing endless\");\n});",
              "err": {},
              "uuid": "fe301daa-ee17-409c-8e03-45f5621adea6",
              "parentUUID": "003b0043-aaeb-4e9b-8240-17f8c9009e46",
              "isHook": false,
              "skipped": false
            }
          ],
          "suites": [],
          "passes": [
            "161da81c-b52f-4059-87d1-d682ad02f8a4",
            "fe301daa-ee17-409c-8e03-45f5621adea6"
          ],
          "failures": [],
          "pending": [],
          "skipped": [],
          "duration": 780,
          "root": false,
          "rootEmpty": false,
          "_timeout": 2000
        }
      ],
      "passes": [],
      "failures": [],
      "pending": [],
      "skipped": [],
      "duration": 0,
      "root": true,
      "rootEmpty": true,
      "_timeout": 2000
    },
    {
      "uuid": "d1a7870d-ff11-4d15-b840-eb45b3e50305",
      "title": "",
      "fullFile": "cypress\\e2e\\tc16078POSTTesting.cy.js",
      "file": "cypress\\e2e\\tc16078POSTTesting.cy.js",
      "beforeHooks": [],
      "afterHooks": [],
      "tests": [],
      "suites": [
        {
          "uuid": "4eba03d9-e623-427e-b74a-4f68ba46289f",
          "title": "API POST testing",
          "fullFile": "",
          "file": "",
          "beforeHooks": [],
          "afterHooks": [],
          "tests": [
            {
              "title": "POST request",
              "fullTitle": "API POST testing POST request",
              "timedOut": null,
              "duration": 362,
              "state": "passed",
              "speed": "fast",
              "pass": true,
              "fail": false,
              "pending": false,
              "context": null,
              "code": "cy.request({\n  method: \"POST\",\n  url: \"https://reqres.in/api/users\",\n  headers: {\n    \"x-api-key\": \"reqres-free-v1\"\n  },\n  body: {\n    name: \"morpheus\",\n    job: \"leader\"\n  }\n}).then(response => {\n  var _response$body, _response$body2;\n  expect(response.status).equal(201);\n  expect((_response$body = response.body) === null || _response$body === void 0 ? void 0 : _response$body.name).equal(\"morpheus\");\n  expect((_response$body2 = response.body) === null || _response$body2 === void 0 ? void 0 : _response$body2.job).equal(\"leader\");\n  expect(response.body).to.have.property(\"id\");\n  expect(response.body).to.have.property(\"createdAt\");\n});",
              "err": {},
              "uuid": "59bc9b14-87fa-4b7c-b462-8df2d7bd4410",
              "parentUUID": "4eba03d9-e623-427e-b74a-4f68ba46289f",
              "isHook": false,
              "skipped": false
            },
            {
              "title": "POST API in ReqRes Testing",
              "fullTitle": "API POST testing POST API in ReqRes Testing",
              "timedOut": null,
              "duration": 225,
              "state": "passed",
              "speed": "fast",
              "pass": true,
              "fail": false,
              "pending": false,
              "context": null,
              "code": "const user = {\n  name: \"JPiza\",\n  job: \"Tester\"\n};\ncy.request({\n  method: \"POST\",\n  url: \"https://reqres.in/api/users\",\n  headers: {\n    \"x-api-key\": \"reqres-free-v1\"\n  },\n  body: user\n}).then(response => {\n  var _response$body3, _response$body4;\n  expect(response.status).equal(201);\n  expect((_response$body3 = response.body) === null || _response$body3 === void 0 ? void 0 : _response$body3.name).equal(user.name);\n  expect((_response$body4 = response.body) === null || _response$body4 === void 0 ? void 0 : _response$body4.job).equal(user.job);\n});",
              "err": {},
              "uuid": "39861257-4421-46a3-a007-6cbd35b7d6bd",
              "parentUUID": "4eba03d9-e623-427e-b74a-4f68ba46289f",
              "isHook": false,
              "skipped": false
            }
          ],
          "suites": [],
          "passes": [
            "59bc9b14-87fa-4b7c-b462-8df2d7bd4410",
            "39861257-4421-46a3-a007-6cbd35b7d6bd"
          ],
          "failures": [],
          "pending": [],
          "skipped": [],
          "duration": 587,
          "root": false,
          "rootEmpty": false,
          "_timeout": 2000
        }
      ],
      "passes": [],
      "failures": [],
      "pending": [],
      "skipped": [],
      "duration": 0,
      "root": true,
      "rootEmpty": true,
      "_timeout": 2000
    },
    {
      "uuid": "eea675dc-6a1a-488c-8efc-1de1c2cf4df8",
      "title": "",
      "fullFile": "cypress\\e2e\\tc16079PUTTesting.cy.js",
      "file": "cypress\\e2e\\tc16079PUTTesting.cy.js",
      "beforeHooks": [],
      "afterHooks": [],
      "tests": [],
      "suites": [
        {
          "uuid": "f7bdbcd1-9cac-4ad8-a000-693e0273e490",
          "title": "API PUT testing",
          "fullFile": "",
          "file": "",
          "beforeHooks": [],
          "afterHooks": [],
          "tests": [
            {
              "title": "PUT request",
              "fullTitle": "API PUT testing PUT request",
              "timedOut": null,
              "duration": 358,
              "state": "passed",
              "speed": "fast",
              "pass": true,
              "fail": false,
              "pending": false,
              "context": null,
              "code": "cy.request({\n  method: \"PUT\",\n  url: \"https://reqres.in/api/users/2\",\n  headers: {\n    \"x-api-key\": \"reqres-free-v1\"\n  },\n  body: {\n    name: \"morpheus\",\n    job: \"zion resident\"\n  }\n}).then(response => {\n  var _response$body, _response$body2;\n  expect(response.status).equal(200);\n  expect((_response$body = response.body) === null || _response$body === void 0 ? void 0 : _response$body.name).equal(\"morpheus\");\n  expect((_response$body2 = response.body) === null || _response$body2 === void 0 ? void 0 : _response$body2.job).equal(\"zion resident\");\n  expect(response.body).to.have.property(\"updatedAt\");\n});",
              "err": {},
              "uuid": "a14bf228-cf0f-4221-a7a6-943834318d94",
              "parentUUID": "f7bdbcd1-9cac-4ad8-a000-693e0273e490",
              "isHook": false,
              "skipped": false
            },
            {
              "title": "PUT API in ReqRes Testing",
              "fullTitle": "API PUT testing PUT API in ReqRes Testing",
              "timedOut": null,
              "duration": 218,
              "state": "passed",
              "speed": "fast",
              "pass": true,
              "fail": false,
              "pending": false,
              "context": null,
              "code": "const user = {\n  name: \"JPiza\",\n  job: \"Developer\"\n};\ncy.request({\n  method: \"PUT\",\n  url: \"https://reqres.in/api/users/2\",\n  headers: {\n    \"x-api-key\": \"reqres-free-v1\"\n  },\n  body: user\n}).then(response => {\n  var _response$body3, _response$body4;\n  expect(response.status).equal(200);\n  expect((_response$body3 = response.body) === null || _response$body3 === void 0 ? void 0 : _response$body3.name).equal(user.name);\n  expect((_response$body4 = response.body) === null || _response$body4 === void 0 ? void 0 : _response$body4.job).equal(user.job);\n});",
              "err": {},
              "uuid": "4515a0c9-f9a7-4811-86e5-0522565ce5a8",
              "parentUUID": "f7bdbcd1-9cac-4ad8-a000-693e0273e490",
              "isHook": false,
              "skipped": false
            }
          ],
          "suites": [],
          "passes": [
            "a14bf228-cf0f-4221-a7a6-943834318d94",
            "4515a0c9-f9a7-4811-86e5-0522565ce5a8"
          ],
          "failures": [],
          "pending": [],
          "skipped": [],
          "duration": 576,
          "root": false,
          "rootEmpty": false,
          "_timeout": 2000
        }
      ],
      "passes": [],
      "failures": [],
      "pending": [],
      "skipped": [],
      "duration": 0,
      "root": true,
      "rootEmpty": true,
      "_timeout": 2000
    },
    {
      "uuid": "d7ccc93d-81d5-455b-ab5c-b9817bfabfbd",
      "title": "",
      "fullFile": "cypress\\e2e\\tc16080DELETETesting.cy.js",
      "file": "cypress\\e2e\\tc16080DELETETesting.cy.js",
      "beforeHooks": [],
      "afterHooks": [],
      "tests": [],
      "suites": [
        {
          "uuid": "6b1f6893-a7c8-4617-8454-dedfa61023a2",
          "title": "API DELETE testing",
          "fullFile": "",
          "file": "",
          "beforeHooks": [],
          "afterHooks": [],
          "tests": [
            {
              "title": "DELETE request",
              "fullTitle": "API DELETE testing DELETE request",
              "timedOut": null,
              "duration": 233,
              "state": "passed",
              "speed": "fast",
              "pass": true,
              "fail": false,
              "pending": false,
              "context": null,
              "code": "cy.request({\n  method: \"DELETE\",\n  url: \"https://reqres.in/api/users/2\",\n  headers: {\n    \"x-api-key\": \"reqres-free-v1\"\n  }\n}).then(response => {\n  expect(response.status).equal(204);\n});",
              "err": {},
              "uuid": "ec514fee-1137-4448-9cf1-7e3c754cc710",
              "parentUUID": "6b1f6893-a7c8-4617-8454-dedfa61023a2",
              "isHook": false,
              "skipped": false
            },
            {
              "title": "DELETE API in ReqRes Testing",
              "fullTitle": "API DELETE testing DELETE API in ReqRes Testing",
              "timedOut": null,
              "duration": 227,
              "state": "passed",
              "speed": "fast",
              "pass": true,
              "fail": false,
              "pending": false,
              "context": null,
              "code": "cy.request({\n  method: \"DELETE\",\n  url: \"https://reqres.in/api/users/2\",\n  headers: {\n    \"x-api-key\": \"reqres-free-v1\"\n  }\n}).then(response => {\n  expect(response.status).equal(204);\n});",
              "err": {},
              "uuid": "ca869d7b-b8d0-4698-9be4-24a5cb9eb76c",
              "parentUUID": "6b1f6893-a7c8-4617-8454-dedfa61023a2",
              "isHook": false,
              "skipped": false
            }
          ],
          "suites": [],
          "passes": [
            "ec514fee-1137-4448-9cf1-7e3c754cc710",
            "ca869d7b-b8d0-4698-9be4-24a5cb9eb76c"
          ],
          "failures": [],
          "pending": [],
          "skipped": [],
          "duration": 460,
          "root": false,
          "rootEmpty": false,
          "_timeout": 2000
        }
      ],
      "passes": [],
      "failures": [],
      "pending": [],
      "skipped": [],
      "duration": 0,
      "root": true,
      "rootEmpty": true,
      "_timeout": 2000
    },
    {
      "uuid": "73aa8851-765a-4003-accf-01f7d7712e83",
      "title": "",
      "fullFile": "cypress\\e2e\\tc17083MockOrangeHRM.spec.cy.js",
      "file": "cypress\\e2e\\tc17083MockOrangeHRM.spec.cy.js",
      "beforeHooks": [],
      "afterHooks": [],
      "tests": [],
      "suites": [
        {
          "uuid": "87c9734b-ec7a-4739-9db8-5667040d40fe",
          "title": "Mock OrangeHRM Testing",
          "fullFile": "",
          "file": "",
          "beforeHooks": [],
          "afterHooks": [],
          "tests": [
            {
              "title": "locations Mock",
              "fullTitle": "Mock OrangeHRM Testing locations Mock",
              "timedOut": null,
              "duration": 5481,
              "state": "failed",
              "speed": null,
              "pass": false,
              "fail": true,
              "pending": false,
              "context": "\"assets/tc17083MockOrangeHRM.spec.cy.js/Mock OrangeHRM Testing -- locations Mock (failed).png\"",
              "code": "// const url = \"api/v2/dashboard/employees/locations\";\nconst url = \"https://opensource-demo.orangehrmlive.com/web/index.php/api/v2/dashboard/employees/locations\";\ncy.log(url);\n// Intercept instead a request, for a _Mock_ values\ncy.intercept({\n  method: \"GET\",\n  url: url\n}, {\n  fixture: \"mock-locations.json\"\n});\ncy.wait(2500);\ncy.contains(\"Employee Distribution by Location\").should(\"be.visible\");\n// El siguiente proceso lo debo hacer porque existen muchos elementos con la misma clase \ncy.get(\".orangehrm-dashboard-widget-body\").then($elements => {\n  // $elements is a jQuery object containing all elements with the class 'my-class'\n  // You can treat it like an array and iterate over it or access elements by index.\n  // Example: Log the text of each element\n  $elements.each((index, element) => {\n    cy.log(`Element ${index + 1}: ${Cypress.$(element).text()}`);\n  });\n  // Example: Assert the number of elements\n  expect($elements).to.have.length(6);\n  // Necesito el quinto elemento que es el de `locations`\n  cy.wrap($elements.eq(5)).should(\"contain\", \"Texas R&D\").and(\"contain\", \"New York Sales Office\").and(\"contain\", \"Medellin\");\n});",
              "err": {
                "message": "AssertionError: Too many elements found. Found '7', expected '6'.",
                "estack": "AssertionError: Too many elements found. Found '7', expected '6'.\n    at Context.eval (webpack://cypress-14-docker-cucumber-jenkins-june25/./cypress/e2e/tc17083MockOrangeHRM.spec.cy.js:47:32)\n    at getRet (https://opensource-demo.orangehrmlive.com/__cypress/runner/cypress_runner.js:120768:20)\n    at tryCatcher (https://opensource-demo.orangehrmlive.com/__cypress/runner/cypress_runner.js:1777:23)\n    at Promise.attempt.Promise.try (https://opensource-demo.orangehrmlive.com/__cypress/runner/cypress_runner.js:4285:29)\n    at Context.thenFn (https://opensource-demo.orangehrmlive.com/__cypress/runner/cypress_runner.js:120779:66)",
                "diff": "- 7\n+ 6\n"
              },
              "uuid": "60b69d07-f70a-4fa3-bf21-9afc1a053e52",
              "parentUUID": "87c9734b-ec7a-4739-9db8-5667040d40fe",
              "isHook": false,
              "skipped": false
            }
          ],
          "suites": [],
          "passes": [],
          "failures": [
            "60b69d07-f70a-4fa3-bf21-9afc1a053e52"
          ],
          "pending": [],
          "skipped": [],
          "duration": 5481,
          "root": false,
          "rootEmpty": false,
          "_timeout": 2000
        }
      ],
      "passes": [],
      "failures": [],
      "pending": [],
      "skipped": [],
      "duration": 0,
      "root": true,
      "rootEmpty": true,
      "_timeout": 2000
    },
    {
      "uuid": "026ac888-07c0-4aae-beac-b3f31010bc4a",
      "title": "",
      "fullFile": "cypress\\e2e\\tc13071a.spec.cy.js",
      "file": "cypress\\e2e\\tc13071a.spec.cy.js",
      "beforeHooks": [],
      "afterHooks": [],
      "tests": [],
      "suites": [
        {
          "uuid": "622a4d15-3fa2-4c50-8577-0f8e7ea0355a",
          "title": "Login Functionality",
          "fullFile": "",
          "file": "",
          "beforeHooks": [],
          "afterHooks": [],
          "tests": [
            {
              "title": "Login Test using Conduit",
              "fullTitle": "Login Functionality Login Test using Conduit",
              "timedOut": null,
              "duration": 2670,
              "state": "passed",
              "speed": "fast",
              "pass": true,
              "fail": false,
              "pending": false,
              "context": null,
              "code": "cy.visit(\"https://react-redux.realworld.io/\");\ncy.get(\"a[href='#login']\").click();\ncy.get(\"input[placeholder='Email']\").type(\"cypressdemo@gmail.com\", {\n  delay: 0\n});\ncy.get(\"input[placeholder='Password']\").type(\"cypressdemo\", {\n  delay: 0\n});\ncy.get(\"button[type='submit']\").click();\ncy.get(\"button[type='submit']\").should(\"be.disabled\");\ncy.xpath(\"//a[normalize-space()='Home']\").click();",
              "err": {},
              "uuid": "3aafe1c2-87d2-4c63-ac32-f59b755a8832",
              "parentUUID": "622a4d15-3fa2-4c50-8577-0f8e7ea0355a",
              "isHook": false,
              "skipped": false
            }
          ],
          "suites": [],
          "passes": [
            "3aafe1c2-87d2-4c63-ac32-f59b755a8832"
          ],
          "failures": [],
          "pending": [],
          "skipped": [],
          "duration": 2670,
          "root": false,
          "rootEmpty": false,
          "_timeout": 2000
        }
      ],
      "passes": [],
      "failures": [],
      "pending": [],
      "skipped": [],
      "duration": 0,
      "root": true,
      "rootEmpty": true,
      "_timeout": 2000
    }
  ],
  "meta": {
    "mocha": {
      "version": "7.2.0"
    },
    "mochawesome": {
      "options": {
        "quiet": true,
        "reportFilename": "mochawesome",
        "saveHtml": false,
        "saveJson": true,
        "consoleReporter": "spec",
        "useInlineDiffs": false,
        "code": true
      },
      "version": "7.1.3"
    },
    "marge": {
      "options": {
        "id": "default",
        "reportDir": "./cypress/reports/mocha",
        "quiet": true,
        "overwrite": false,
        "html": false,
        "json": true
      },
      "version": "6.2.0"
    }
  }
}